<?xml version="1.0" encoding="UTF-8"?>
<testng-results ignored="0" total="2" passed="2" failed="0" skipped="0">
  <reporter-output>
  </reporter-output>
  <suite started-at="2025-08-22T06:54:52 IST" name="Suite" finished-at="2025-08-22T06:55:07 IST" duration-ms="15185">
    <groups>
      <group name="Master">
        <method signature="TC_AccountResgistionTest.verify_account_Register()[pri:0, instance:testCasses.TC_AccountResgistionTest@10a9d961]" name="verify_account_Register" class="testCasses.TC_AccountResgistionTest"/>
        <method signature="TC_LoginTest.verify_login()[pri:0, instance:testCasses.TC_LoginTest@2fd953a6]" name="verify_login" class="testCasses.TC_LoginTest"/>
      </group> <!-- Master -->
      <group name="Sanity">
        <method signature="TC_LoginTest.verify_login()[pri:0, instance:testCasses.TC_LoginTest@2fd953a6]" name="verify_login" class="testCasses.TC_LoginTest"/>
      </group> <!-- Sanity -->
      <group name="Regression">
        <method signature="TC_AccountResgistionTest.verify_account_Register()[pri:0, instance:testCasses.TC_AccountResgistionTest@10a9d961]" name="verify_account_Register" class="testCasses.TC_AccountResgistionTest"/>
      </group> <!-- Regression -->
    </groups>
    <test started-at="2025-08-22T06:54:52 IST" name="Test" finished-at="2025-08-22T06:55:07 IST" duration-ms="15185">
      <class name="testCasses.TC_AccountResgistionTest">
        <test-method is-config="true" signature="setup(java.lang.String,java.lang.String)[pri:0, instance:testCasses.TC_AccountResgistionTest@10a9d961]" started-at="2025-08-22T06:54:52 IST" name="setup" finished-at="2025-08-22T06:54:56 IST" duration-ms="3882" status="PASS">
          <params>
            <param index="0">
              <value>
                <![CDATA[Window]]>
              </value>
            </param>
            <param index="1">
              <value>
                <![CDATA[chrome]]>
              </value>
            </param>
          </params>
          <reporter-output>
          </reporter-output>
        </test-method> <!-- setup -->
        <test-method signature="verify_account_Register()[pri:0, instance:testCasses.TC_AccountResgistionTest@10a9d961]" started-at="2025-08-22T06:54:56 IST" name="verify_account_Register" finished-at="2025-08-22T06:54:58 IST" duration-ms="2127" status="PASS">
          <reporter-output>
          </reporter-output>
        </test-method> <!-- verify_account_Register -->
        <test-method is-config="true" signature="tearDown()[pri:0, instance:testCasses.TC_AccountResgistionTest@10a9d961]" started-at="2025-08-22T06:54:58 IST" name="tearDown" finished-at="2025-08-22T06:54:58 IST" duration-ms="121" status="PASS">
          <reporter-output>
          </reporter-output>
        </test-method> <!-- tearDown -->
      </class> <!-- testCasses.TC_AccountResgistionTest -->
      <class name="testCasses.TC_LoginTest">
        <test-method is-config="true" signature="setup(java.lang.String,java.lang.String)[pri:0, instance:testCasses.TC_LoginTest@2fd953a6]" started-at="2025-08-22T06:54:58 IST" name="setup" finished-at="2025-08-22T06:55:01 IST" duration-ms="2848" status="PASS">
          <params>
            <param index="0">
              <value>
                <![CDATA[Window]]>
              </value>
            </param>
            <param index="1">
              <value>
                <![CDATA[chrome]]>
              </value>
            </param>
          </params>
          <reporter-output>
          </reporter-output>
        </test-method> <!-- setup -->
        <test-method signature="verify_login()[pri:0, instance:testCasses.TC_LoginTest@2fd953a6]" started-at="2025-08-22T06:55:01 IST" name="verify_login" finished-at="2025-08-22T06:55:07 IST" duration-ms="5806" status="PASS">
          <reporter-output>
          </reporter-output>
        </test-method> <!-- verify_login -->
        <test-method is-config="true" signature="tearDown()[pri:0, instance:testCasses.TC_LoginTest@2fd953a6]" started-at="2025-08-22T06:55:07 IST" name="tearDown" finished-at="2025-08-22T06:55:07 IST" duration-ms="154" status="PASS">
          <reporter-output>
          </reporter-output>
        </test-method> <!-- tearDown -->
      </class> <!-- testCasses.TC_LoginTest -->
    </test> <!-- Test -->
  </suite> <!-- Suite -->
</testng-results>
